Determining if the include file io.h exists failed with the following output:
Change Dir: /Users/allkliu/Desktop/Allen/glue/aws-glue-schema-registry/native-schema-registry/c/build/CMakeFiles/CMakeTmp

Run Build Command(s):/usr/bin/make -f Makefile cmTC_bd41a/fast && /Library/Developer/CommandLineTools/usr/bin/make  -f CMakeFiles/cmTC_bd41a.dir/build.make CMakeFiles/cmTC_bd41a.dir/build
Building C object CMakeFiles/cmTC_bd41a.dir/CheckIncludeFile.c.o
/usr/bin/gcc   -fsanitize=address,undefined -fsanitize-recover=address -fno-stack-protector -fprofile-arcs -ftest-coverage -ggdb3 -O2 -Wall  -isysroot /Library/Developer/CommandLineTools/SDKs/MacOSX12.3.sdk -fPIE -MD -MT CMakeFiles/cmTC_bd41a.dir/CheckIncludeFile.c.o -MF CMakeFiles/cmTC_bd41a.dir/CheckIncludeFile.c.o.d -o CMakeFiles/cmTC_bd41a.dir/CheckIncludeFile.c.o -c /Users/allkliu/Desktop/Allen/glue/aws-glue-schema-registry/native-schema-registry/c/build/CMakeFiles/CMakeTmp/CheckIncludeFile.c
/Users/allkliu/Desktop/Allen/glue/aws-glue-schema-registry/native-schema-registry/c/build/CMakeFiles/CMakeTmp/CheckIncludeFile.c:1:10: fatal error: 'io.h' file not found
#include <io.h>
         ^~~~~~
1 error generated.
make[1]: *** [CMakeFiles/cmTC_bd41a.dir/CheckIncludeFile.c.o] Error 1
make: *** [cmTC_bd41a/fast] Error 2



Determining if the include file malloc.h exists failed with the following output:
Change Dir: /Users/allkliu/Desktop/Allen/glue/aws-glue-schema-registry/native-schema-registry/c/build/CMakeFiles/CMakeTmp

Run Build Command(s):/usr/bin/make -f Makefile cmTC_6ebe0/fast && /Library/Developer/CommandLineTools/usr/bin/make  -f CMakeFiles/cmTC_6ebe0.dir/build.make CMakeFiles/cmTC_6ebe0.dir/build
Building C object CMakeFiles/cmTC_6ebe0.dir/CheckIncludeFile.c.o
/usr/bin/gcc   -fsanitize=address,undefined -fsanitize-recover=address -fno-stack-protector -fprofile-arcs -ftest-coverage -ggdb3 -O2 -Wall  -isysroot /Library/Developer/CommandLineTools/SDKs/MacOSX12.3.sdk -fPIE -MD -MT CMakeFiles/cmTC_6ebe0.dir/CheckIncludeFile.c.o -MF CMakeFiles/cmTC_6ebe0.dir/CheckIncludeFile.c.o.d -o CMakeFiles/cmTC_6ebe0.dir/CheckIncludeFile.c.o -c /Users/allkliu/Desktop/Allen/glue/aws-glue-schema-registry/native-schema-registry/c/build/CMakeFiles/CMakeTmp/CheckIncludeFile.c
/Users/allkliu/Desktop/Allen/glue/aws-glue-schema-registry/native-schema-registry/c/build/CMakeFiles/CMakeTmp/CheckIncludeFile.c:1:10: fatal error: 'malloc.h' file not found
#include <malloc.h>
         ^~~~~~~~~~
1 error generated.
make[1]: *** [CMakeFiles/cmTC_6ebe0.dir/CheckIncludeFile.c.o] Error 1
make: *** [cmTC_6ebe0/fast] Error 2



