The system is: Darwin - 21.4.0 - x86_64
Compiling the C compiler identification source file "CMakeCCompilerId.c" succeeded.
Compiler: /usr/bin/gcc 
Build flags: 
Id flags:  

The output was:
0


Compilation of the C compiler identification source "CMakeCCompilerId.c" produced "a.out"

The C compiler identification is AppleClang, found in "/Users/allkliu/Desktop/Allen/glue/aws-glue-schema-registry/native-schema-registry/c/build/CMakeFiles/3.23.2/CompilerIdC/a.out"

Detecting C compiler ABI info compiled with the following output:
Change Dir: /Users/allkliu/Desktop/Allen/glue/aws-glue-schema-registry/native-schema-registry/c/build/CMakeFiles/CMakeTmp

Run Build Command(s):/usr/bin/make -f Makefile cmTC_3241d/fast && /Library/Developer/CommandLineTools/usr/bin/make  -f CMakeFiles/cmTC_3241d.dir/build.make CMakeFiles/cmTC_3241d.dir/build
Building C object CMakeFiles/cmTC_3241d.dir/CMakeCCompilerABI.c.o
/usr/bin/gcc   -isysroot /Library/Developer/CommandLineTools/SDKs/MacOSX12.3.sdk   -v -Wl,-v -MD -MT CMakeFiles/cmTC_3241d.dir/CMakeCCompilerABI.c.o -MF CMakeFiles/cmTC_3241d.dir/CMakeCCompilerABI.c.o.d -o CMakeFiles/cmTC_3241d.dir/CMakeCCompilerABI.c.o -c /usr/local/Cellar/cmake/3.23.2/share/cmake/Modules/CMakeCCompilerABI.c
Apple clang version 13.1.6 (clang-1316.0.21.2.3)
Target: x86_64-apple-darwin21.4.0
Thread model: posix
InstalledDir: /Library/Developer/CommandLineTools/usr/bin
clang: warning: -Wl,-v: 'linker' input unused [-Wunused-command-line-argument]
 "/Library/Developer/CommandLineTools/usr/bin/clang" -cc1 -triple x86_64-apple-macosx12.0.0 -Wundef-prefix=TARGET_OS_ -Wdeprecated-objc-isa-usage -Werror=deprecated-objc-isa-usage -Werror=implicit-function-declaration -emit-obj -mrelax-all --mrelax-relocations -disable-free -disable-llvm-verifier -discard-value-names -main-file-name CMakeCCompilerABI.c -mrelocation-model pic -pic-level 2 -mframe-pointer=all -fno-strict-return -fno-rounding-math -munwind-tables -target-sdk-version=12.3 -fvisibility-inlines-hidden-static-local-var -target-cpu penryn -tune-cpu generic -debugger-tuning=lldb -target-linker-version 762 -v -resource-dir /Library/Developer/CommandLineTools/usr/lib/clang/13.1.6 -dependency-file CMakeFiles/cmTC_3241d.dir/CMakeCCompilerABI.c.o.d -skip-unused-modulemap-deps -MT CMakeFiles/cmTC_3241d.dir/CMakeCCompilerABI.c.o -sys-header-deps -isysroot /Library/Developer/CommandLineTools/SDKs/MacOSX12.3.sdk -internal-isystem /Library/Developer/CommandLineTools/SDKs/MacOSX12.3.sdk/usr/local/include -internal-isystem /Library/Developer/CommandLineTools/usr/lib/clang/13.1.6/include -internal-externc-isystem /Library/Developer/CommandLineTools/SDKs/MacOSX12.3.sdk/usr/include -internal-externc-isystem /Library/Developer/CommandLineTools/usr/include -Wno-reorder-init-list -Wno-implicit-int-float-conversion -Wno-c99-designator -Wno-final-dtor-non-final-class -Wno-extra-semi-stmt -Wno-misleading-indentation -Wno-quoted-include-in-framework-header -Wno-implicit-fallthrough -Wno-enum-enum-conversion -Wno-enum-float-conversion -Wno-elaborated-enum-base -Wno-reserved-identifier -Wno-gnu-folding-constant -Wno-objc-load-method -fdebug-compilation-dir=/Users/allkliu/Desktop/Allen/glue/aws-glue-schema-registry/native-schema-registry/c/build/CMakeFiles/CMakeTmp -ferror-limit 19 -stack-protector 1 -fstack-check -mdarwin-stkchk-strong-link -fblocks -fencode-extended-block-signature -fregister-global-dtors-with-atexit -fgnuc-version=4.2.1 -fmax-type-align=16 -fcommon -clang-vendor-feature=+messageToSelfInClassMethodIdReturnType -clang-vendor-feature=+disableInferNewAvailabilityFromInit -clang-vendor-feature=+disableNonDependentMemberExprInCurrentInstantiation -fno-odr-hash-protocols -clang-vendor-feature=+enableAggressiveVLAFolding -clang-vendor-feature=+revert09abecef7bbf -clang-vendor-feature=+thisNoAlignAttr -clang-vendor-feature=+thisNoNullAttr -mllvm -disable-aligned-alloc-awareness=1 -D__GCC_HAVE_DWARF2_CFI_ASM=1 -o CMakeFiles/cmTC_3241d.dir/CMakeCCompilerABI.c.o -x c /usr/local/Cellar/cmake/3.23.2/share/cmake/Modules/CMakeCCompilerABI.c
clang -cc1 version 13.1.6 (clang-1316.0.21.2.3) default target x86_64-apple-darwin21.4.0
ignoring nonexistent directory "/Library/Developer/CommandLineTools/SDKs/MacOSX12.3.sdk/usr/local/include"
ignoring nonexistent directory "/Library/Developer/CommandLineTools/SDKs/MacOSX12.3.sdk/Library/Frameworks"
#include "..." search starts here:
#include <...> search starts here:
 /Library/Developer/CommandLineTools/usr/lib/clang/13.1.6/include
 /Library/Developer/CommandLineTools/SDKs/MacOSX12.3.sdk/usr/include
 /Library/Developer/CommandLineTools/usr/include
 /Library/Developer/CommandLineTools/SDKs/MacOSX12.3.sdk/System/Library/Frameworks (framework directory)
End of search list.
Linking C executable cmTC_3241d
/usr/local/Cellar/cmake/3.23.2/bin/cmake -E cmake_link_script CMakeFiles/cmTC_3241d.dir/link.txt --verbose=1
/usr/bin/gcc  -isysroot /Library/Developer/CommandLineTools/SDKs/MacOSX12.3.sdk -Wl,-search_paths_first -Wl,-headerpad_max_install_names  -v -Wl,-v CMakeFiles/cmTC_3241d.dir/CMakeCCompilerABI.c.o -o cmTC_3241d 
Apple clang version 13.1.6 (clang-1316.0.21.2.3)
Target: x86_64-apple-darwin21.4.0
Thread model: posix
InstalledDir: /Library/Developer/CommandLineTools/usr/bin
 "/Library/Developer/CommandLineTools/usr/bin/ld" -demangle -lto_library /Library/Developer/CommandLineTools/usr/lib/libLTO.dylib -dynamic -arch x86_64 -platform_version macos 12.0.0 12.3 -syslibroot /Library/Developer/CommandLineTools/SDKs/MacOSX12.3.sdk -o cmTC_3241d -search_paths_first -headerpad_max_install_names -v CMakeFiles/cmTC_3241d.dir/CMakeCCompilerABI.c.o -lSystem /Library/Developer/CommandLineTools/usr/lib/clang/13.1.6/lib/darwin/libclang_rt.osx.a
@(#)PROGRAM:ld  PROJECT:ld64-762
BUILD 12:49:00 Mar 30 2022
configured to support archs: armv6 armv7 armv7s arm64 arm64e arm64_32 i386 x86_64 x86_64h armv6m armv7k armv7m armv7em
Library search paths:
	/Library/Developer/CommandLineTools/SDKs/MacOSX12.3.sdk/usr/lib
Framework search paths:
	/Library/Developer/CommandLineTools/SDKs/MacOSX12.3.sdk/System/Library/Frameworks/



Parsed C implicit include dir info from above output: rv=done
  found start of include info
  found start of implicit include info
    add: [/Library/Developer/CommandLineTools/usr/lib/clang/13.1.6/include]
    add: [/Library/Developer/CommandLineTools/SDKs/MacOSX12.3.sdk/usr/include]
    add: [/Library/Developer/CommandLineTools/usr/include]
  end of search list found
  collapse include dir [/Library/Developer/CommandLineTools/usr/lib/clang/13.1.6/include] ==> [/Library/Developer/CommandLineTools/usr/lib/clang/13.1.6/include]
  collapse include dir [/Library/Developer/CommandLineTools/SDKs/MacOSX12.3.sdk/usr/include] ==> [/Library/Developer/CommandLineTools/SDKs/MacOSX12.3.sdk/usr/include]
  collapse include dir [/Library/Developer/CommandLineTools/usr/include] ==> [/Library/Developer/CommandLineTools/usr/include]
  implicit include dirs: [/Library/Developer/CommandLineTools/usr/lib/clang/13.1.6/include;/Library/Developer/CommandLineTools/SDKs/MacOSX12.3.sdk/usr/include;/Library/Developer/CommandLineTools/usr/include]


Parsed C implicit link information from above output:
  link line regex: [^( *|.*[/\])(ld|CMAKE_LINK_STARTFILE-NOTFOUND|([^/\]+-)?ld|collect2)[^/\]*( |$)]
  ignore line: [Change Dir: /Users/allkliu/Desktop/Allen/glue/aws-glue-schema-registry/native-schema-registry/c/build/CMakeFiles/CMakeTmp]
  ignore line: []
  ignore line: [Run Build Command(s):/usr/bin/make -f Makefile cmTC_3241d/fast && /Library/Developer/CommandLineTools/usr/bin/make  -f CMakeFiles/cmTC_3241d.dir/build.make CMakeFiles/cmTC_3241d.dir/build]
  ignore line: [Building C object CMakeFiles/cmTC_3241d.dir/CMakeCCompilerABI.c.o]
  ignore line: [/usr/bin/gcc   -isysroot /Library/Developer/CommandLineTools/SDKs/MacOSX12.3.sdk   -v -Wl -v -MD -MT CMakeFiles/cmTC_3241d.dir/CMakeCCompilerABI.c.o -MF CMakeFiles/cmTC_3241d.dir/CMakeCCompilerABI.c.o.d -o CMakeFiles/cmTC_3241d.dir/CMakeCCompilerABI.c.o -c /usr/local/Cellar/cmake/3.23.2/share/cmake/Modules/CMakeCCompilerABI.c]
  ignore line: [Apple clang version 13.1.6 (clang-1316.0.21.2.3)]
  ignore line: [Target: x86_64-apple-darwin21.4.0]
  ignore line: [Thread model: posix]
  ignore line: [InstalledDir: /Library/Developer/CommandLineTools/usr/bin]
  ignore line: [clang: warning: -Wl -v: 'linker' input unused [-Wunused-command-line-argument]]
  ignore line: [ "/Library/Developer/CommandLineTools/usr/bin/clang" -cc1 -triple x86_64-apple-macosx12.0.0 -Wundef-prefix=TARGET_OS_ -Wdeprecated-objc-isa-usage -Werror=deprecated-objc-isa-usage -Werror=implicit-function-declaration -emit-obj -mrelax-all --mrelax-relocations -disable-free -disable-llvm-verifier -discard-value-names -main-file-name CMakeCCompilerABI.c -mrelocation-model pic -pic-level 2 -mframe-pointer=all -fno-strict-return -fno-rounding-math -munwind-tables -target-sdk-version=12.3 -fvisibility-inlines-hidden-static-local-var -target-cpu penryn -tune-cpu generic -debugger-tuning=lldb -target-linker-version 762 -v -resource-dir /Library/Developer/CommandLineTools/usr/lib/clang/13.1.6 -dependency-file CMakeFiles/cmTC_3241d.dir/CMakeCCompilerABI.c.o.d -skip-unused-modulemap-deps -MT CMakeFiles/cmTC_3241d.dir/CMakeCCompilerABI.c.o -sys-header-deps -isysroot /Library/Developer/CommandLineTools/SDKs/MacOSX12.3.sdk -internal-isystem /Library/Developer/CommandLineTools/SDKs/MacOSX12.3.sdk/usr/local/include -internal-isystem /Library/Developer/CommandLineTools/usr/lib/clang/13.1.6/include -internal-externc-isystem /Library/Developer/CommandLineTools/SDKs/MacOSX12.3.sdk/usr/include -internal-externc-isystem /Library/Developer/CommandLineTools/usr/include -Wno-reorder-init-list -Wno-implicit-int-float-conversion -Wno-c99-designator -Wno-final-dtor-non-final-class -Wno-extra-semi-stmt -Wno-misleading-indentation -Wno-quoted-include-in-framework-header -Wno-implicit-fallthrough -Wno-enum-enum-conversion -Wno-enum-float-conversion -Wno-elaborated-enum-base -Wno-reserved-identifier -Wno-gnu-folding-constant -Wno-objc-load-method -fdebug-compilation-dir=/Users/allkliu/Desktop/Allen/glue/aws-glue-schema-registry/native-schema-registry/c/build/CMakeFiles/CMakeTmp -ferror-limit 19 -stack-protector 1 -fstack-check -mdarwin-stkchk-strong-link -fblocks -fencode-extended-block-signature -fregister-global-dtors-with-atexit -fgnuc-version=4.2.1 -fmax-type-align=16 -fcommon -clang-vendor-feature=+messageToSelfInClassMethodIdReturnType -clang-vendor-feature=+disableInferNewAvailabilityFromInit -clang-vendor-feature=+disableNonDependentMemberExprInCurrentInstantiation -fno-odr-hash-protocols -clang-vendor-feature=+enableAggressiveVLAFolding -clang-vendor-feature=+revert09abecef7bbf -clang-vendor-feature=+thisNoAlignAttr -clang-vendor-feature=+thisNoNullAttr -mllvm -disable-aligned-alloc-awareness=1 -D__GCC_HAVE_DWARF2_CFI_ASM=1 -o CMakeFiles/cmTC_3241d.dir/CMakeCCompilerABI.c.o -x c /usr/local/Cellar/cmake/3.23.2/share/cmake/Modules/CMakeCCompilerABI.c]
  ignore line: [clang -cc1 version 13.1.6 (clang-1316.0.21.2.3) default target x86_64-apple-darwin21.4.0]
  ignore line: [ignoring nonexistent directory "/Library/Developer/CommandLineTools/SDKs/MacOSX12.3.sdk/usr/local/include"]
  ignore line: [ignoring nonexistent directory "/Library/Developer/CommandLineTools/SDKs/MacOSX12.3.sdk/Library/Frameworks"]
  ignore line: [#include "..." search starts here:]
  ignore line: [#include <...> search starts here:]
  ignore line: [ /Library/Developer/CommandLineTools/usr/lib/clang/13.1.6/include]
  ignore line: [ /Library/Developer/CommandLineTools/SDKs/MacOSX12.3.sdk/usr/include]
  ignore line: [ /Library/Developer/CommandLineTools/usr/include]
  ignore line: [ /Library/Developer/CommandLineTools/SDKs/MacOSX12.3.sdk/System/Library/Frameworks (framework directory)]
  ignore line: [End of search list.]
  ignore line: [Linking C executable cmTC_3241d]
  ignore line: [/usr/local/Cellar/cmake/3.23.2/bin/cmake -E cmake_link_script CMakeFiles/cmTC_3241d.dir/link.txt --verbose=1]
  ignore line: [/usr/bin/gcc  -isysroot /Library/Developer/CommandLineTools/SDKs/MacOSX12.3.sdk -Wl -search_paths_first -Wl -headerpad_max_install_names  -v -Wl -v CMakeFiles/cmTC_3241d.dir/CMakeCCompilerABI.c.o -o cmTC_3241d ]
  ignore line: [Apple clang version 13.1.6 (clang-1316.0.21.2.3)]
  ignore line: [Target: x86_64-apple-darwin21.4.0]
  ignore line: [Thread model: posix]
  ignore line: [InstalledDir: /Library/Developer/CommandLineTools/usr/bin]
  link line: [ "/Library/Developer/CommandLineTools/usr/bin/ld" -demangle -lto_library /Library/Developer/CommandLineTools/usr/lib/libLTO.dylib -dynamic -arch x86_64 -platform_version macos 12.0.0 12.3 -syslibroot /Library/Developer/CommandLineTools/SDKs/MacOSX12.3.sdk -o cmTC_3241d -search_paths_first -headerpad_max_install_names -v CMakeFiles/cmTC_3241d.dir/CMakeCCompilerABI.c.o -lSystem /Library/Developer/CommandLineTools/usr/lib/clang/13.1.6/lib/darwin/libclang_rt.osx.a]
    arg [/Library/Developer/CommandLineTools/usr/bin/ld] ==> ignore
    arg [-demangle] ==> ignore
    arg [-lto_library] ==> ignore, skip following value
    arg [/Library/Developer/CommandLineTools/usr/lib/libLTO.dylib] ==> skip value of -lto_library
    arg [-dynamic] ==> ignore
    arg [-arch] ==> ignore
    arg [x86_64] ==> ignore
    arg [-platform_version] ==> ignore
    arg [macos] ==> ignore
    arg [12.0.0] ==> ignore
    arg [12.3] ==> ignore
    arg [-syslibroot] ==> ignore
    arg [/Library/Developer/CommandLineTools/SDKs/MacOSX12.3.sdk] ==> ignore
    arg [-o] ==> ignore
    arg [cmTC_3241d] ==> ignore
    arg [-search_paths_first] ==> ignore
    arg [-headerpad_max_install_names] ==> ignore
    arg [-v] ==> ignore
    arg [CMakeFiles/cmTC_3241d.dir/CMakeCCompilerABI.c.o] ==> ignore
    arg [-lSystem] ==> lib [System]
    arg [/Library/Developer/CommandLineTools/usr/lib/clang/13.1.6/lib/darwin/libclang_rt.osx.a] ==> lib [/Library/Developer/CommandLineTools/usr/lib/clang/13.1.6/lib/darwin/libclang_rt.osx.a]
  Library search paths: [;/Library/Developer/CommandLineTools/SDKs/MacOSX12.3.sdk/usr/lib]
  Framework search paths: [;/Library/Developer/CommandLineTools/SDKs/MacOSX12.3.sdk/System/Library/Frameworks/]
  remove lib [System]
  remove lib [/Library/Developer/CommandLineTools/usr/lib/clang/13.1.6/lib/darwin/libclang_rt.osx.a]
  collapse library dir [/Library/Developer/CommandLineTools/SDKs/MacOSX12.3.sdk/usr/lib] ==> [/Library/Developer/CommandLineTools/SDKs/MacOSX12.3.sdk/usr/lib]
  collapse framework dir [/Library/Developer/CommandLineTools/SDKs/MacOSX12.3.sdk/System/Library/Frameworks/] ==> [/Library/Developer/CommandLineTools/SDKs/MacOSX12.3.sdk/System/Library/Frameworks]
  implicit libs: []
  implicit objs: []
  implicit dirs: [/Library/Developer/CommandLineTools/SDKs/MacOSX12.3.sdk/usr/lib]
  implicit fwks: [/Library/Developer/CommandLineTools/SDKs/MacOSX12.3.sdk/System/Library/Frameworks]


Performing C SOURCE FILE Test REQUIRED_FLAGS_WERROR succeeded with the following output:
Change Dir: /Users/allkliu/Desktop/Allen/glue/aws-glue-schema-registry/native-schema-registry/c/build/CMakeFiles/CMakeTmp

Run Build Command(s):/usr/bin/make -f Makefile cmTC_c3763/fast && /Library/Developer/CommandLineTools/usr/bin/make  -f CMakeFiles/cmTC_c3763.dir/build.make CMakeFiles/cmTC_c3763.dir/build
Building C object CMakeFiles/cmTC_c3763.dir/src.c.o
/usr/bin/gcc -DREQUIRED_FLAGS_WERROR  -fsanitize=address,undefined -fsanitize-recover=address -fno-stack-protector -fprofile-arcs -ftest-coverage -ggdb3 -O2 -Wall  -isysroot /Library/Developer/CommandLineTools/SDKs/MacOSX12.3.sdk -fPIE   -Werror -MD -MT CMakeFiles/cmTC_c3763.dir/src.c.o -MF CMakeFiles/cmTC_c3763.dir/src.c.o.d -o CMakeFiles/cmTC_c3763.dir/src.c.o -c /Users/allkliu/Desktop/Allen/glue/aws-glue-schema-registry/native-schema-registry/c/build/CMakeFiles/CMakeTmp/src.c
Linking C executable cmTC_c3763
/usr/local/Cellar/cmake/3.23.2/bin/cmake -E cmake_link_script CMakeFiles/cmTC_c3763.dir/link.txt --verbose=1
/usr/bin/gcc  -fsanitize=address,undefined -fsanitize-recover=address -fno-stack-protector -fprofile-arcs -ftest-coverage -ggdb3 -O2 -Wall  -isysroot /Library/Developer/CommandLineTools/SDKs/MacOSX12.3.sdk -Wl,-search_paths_first -Wl,-headerpad_max_install_names CMakeFiles/cmTC_c3763.dir/src.c.o -o cmTC_c3763 


Source file was:
int main(void) { return 0; }
Performing C SOURCE FILE Test WITH_STD_GNU99_FLAG succeeded with the following output:
Change Dir: /Users/allkliu/Desktop/Allen/glue/aws-glue-schema-registry/native-schema-registry/c/build/CMakeFiles/CMakeTmp

Run Build Command(s):/usr/bin/make -f Makefile cmTC_2f324/fast && /Library/Developer/CommandLineTools/usr/bin/make  -f CMakeFiles/cmTC_2f324.dir/build.make CMakeFiles/cmTC_2f324.dir/build
Building C object CMakeFiles/cmTC_2f324.dir/src.c.o
/usr/bin/gcc -DWITH_STD_GNU99_FLAG  -fsanitize=address,undefined -fsanitize-recover=address -fno-stack-protector -fprofile-arcs -ftest-coverage -ggdb3 -O2 -Wall -Werror -isysroot /Library/Developer/CommandLineTools/SDKs/MacOSX12.3.sdk -fPIE   -std=gnu99 -MD -MT CMakeFiles/cmTC_2f324.dir/src.c.o -MF CMakeFiles/cmTC_2f324.dir/src.c.o.d -o CMakeFiles/cmTC_2f324.dir/src.c.o -c /Users/allkliu/Desktop/Allen/glue/aws-glue-schema-registry/native-schema-registry/c/build/CMakeFiles/CMakeTmp/src.c
Linking C executable cmTC_2f324
/usr/local/Cellar/cmake/3.23.2/bin/cmake -E cmake_link_script CMakeFiles/cmTC_2f324.dir/link.txt --verbose=1
/usr/bin/gcc  -fsanitize=address,undefined -fsanitize-recover=address -fno-stack-protector -fprofile-arcs -ftest-coverage -ggdb3 -O2 -Wall -Werror -isysroot /Library/Developer/CommandLineTools/SDKs/MacOSX12.3.sdk -Wl,-search_paths_first -Wl,-headerpad_max_install_names CMakeFiles/cmTC_2f324.dir/src.c.o -o cmTC_2f324 


Source file was:
int main(void) { return 0; }
Performing C SOURCE FILE Test WITH_WPEDANTIC_FLAG succeeded with the following output:
Change Dir: /Users/allkliu/Desktop/Allen/glue/aws-glue-schema-registry/native-schema-registry/c/build/CMakeFiles/CMakeTmp

Run Build Command(s):/usr/bin/make -f Makefile cmTC_584c0/fast && /Library/Developer/CommandLineTools/usr/bin/make  -f CMakeFiles/cmTC_584c0.dir/build.make CMakeFiles/cmTC_584c0.dir/build
Building C object CMakeFiles/cmTC_584c0.dir/src.c.o
/usr/bin/gcc -DWITH_WPEDANTIC_FLAG  -fsanitize=address,undefined -fsanitize-recover=address -fno-stack-protector -fprofile-arcs -ftest-coverage -ggdb3 -O2 -Wall -Werror -isysroot /Library/Developer/CommandLineTools/SDKs/MacOSX12.3.sdk -fPIE   -Wpedantic -MD -MT CMakeFiles/cmTC_584c0.dir/src.c.o -MF CMakeFiles/cmTC_584c0.dir/src.c.o.d -o CMakeFiles/cmTC_584c0.dir/src.c.o -c /Users/allkliu/Desktop/Allen/glue/aws-glue-schema-registry/native-schema-registry/c/build/CMakeFiles/CMakeTmp/src.c
Linking C executable cmTC_584c0
/usr/local/Cellar/cmake/3.23.2/bin/cmake -E cmake_link_script CMakeFiles/cmTC_584c0.dir/link.txt --verbose=1
/usr/bin/gcc  -fsanitize=address,undefined -fsanitize-recover=address -fno-stack-protector -fprofile-arcs -ftest-coverage -ggdb3 -O2 -Wall -Werror -isysroot /Library/Developer/CommandLineTools/SDKs/MacOSX12.3.sdk -Wl,-search_paths_first -Wl,-headerpad_max_install_names CMakeFiles/cmTC_584c0.dir/src.c.o -o cmTC_584c0 


Source file was:
int main(void) { return 0; }
Performing C SOURCE FILE Test WITH_WALL_FLAG succeeded with the following output:
Change Dir: /Users/allkliu/Desktop/Allen/glue/aws-glue-schema-registry/native-schema-registry/c/build/CMakeFiles/CMakeTmp

Run Build Command(s):/usr/bin/make -f Makefile cmTC_d8e9c/fast && /Library/Developer/CommandLineTools/usr/bin/make  -f CMakeFiles/cmTC_d8e9c.dir/build.make CMakeFiles/cmTC_d8e9c.dir/build
Building C object CMakeFiles/cmTC_d8e9c.dir/src.c.o
/usr/bin/gcc -DWITH_WALL_FLAG  -fsanitize=address,undefined -fsanitize-recover=address -fno-stack-protector -fprofile-arcs -ftest-coverage -ggdb3 -O2 -Wall -Werror -isysroot /Library/Developer/CommandLineTools/SDKs/MacOSX12.3.sdk -fPIE   -Wall -MD -MT CMakeFiles/cmTC_d8e9c.dir/src.c.o -MF CMakeFiles/cmTC_d8e9c.dir/src.c.o.d -o CMakeFiles/cmTC_d8e9c.dir/src.c.o -c /Users/allkliu/Desktop/Allen/glue/aws-glue-schema-registry/native-schema-registry/c/build/CMakeFiles/CMakeTmp/src.c
Linking C executable cmTC_d8e9c
/usr/local/Cellar/cmake/3.23.2/bin/cmake -E cmake_link_script CMakeFiles/cmTC_d8e9c.dir/link.txt --verbose=1
/usr/bin/gcc  -fsanitize=address,undefined -fsanitize-recover=address -fno-stack-protector -fprofile-arcs -ftest-coverage -ggdb3 -O2 -Wall -Werror -isysroot /Library/Developer/CommandLineTools/SDKs/MacOSX12.3.sdk -Wl,-search_paths_first -Wl,-headerpad_max_install_names CMakeFiles/cmTC_d8e9c.dir/src.c.o -o cmTC_d8e9c 


Source file was:
int main(void) { return 0; }
Performing C SOURCE FILE Test WITH_WSHADOW_FLAG succeeded with the following output:
Change Dir: /Users/allkliu/Desktop/Allen/glue/aws-glue-schema-registry/native-schema-registry/c/build/CMakeFiles/CMakeTmp

Run Build Command(s):/usr/bin/make -f Makefile cmTC_251c3/fast && /Library/Developer/CommandLineTools/usr/bin/make  -f CMakeFiles/cmTC_251c3.dir/build.make CMakeFiles/cmTC_251c3.dir/build
Building C object CMakeFiles/cmTC_251c3.dir/src.c.o
/usr/bin/gcc -DWITH_WSHADOW_FLAG  -fsanitize=address,undefined -fsanitize-recover=address -fno-stack-protector -fprofile-arcs -ftest-coverage -ggdb3 -O2 -Wall -Werror -isysroot /Library/Developer/CommandLineTools/SDKs/MacOSX12.3.sdk -fPIE   -Wshadow -MD -MT CMakeFiles/cmTC_251c3.dir/src.c.o -MF CMakeFiles/cmTC_251c3.dir/src.c.o.d -o CMakeFiles/cmTC_251c3.dir/src.c.o -c /Users/allkliu/Desktop/Allen/glue/aws-glue-schema-registry/native-schema-registry/c/build/CMakeFiles/CMakeTmp/src.c
Linking C executable cmTC_251c3
/usr/local/Cellar/cmake/3.23.2/bin/cmake -E cmake_link_script CMakeFiles/cmTC_251c3.dir/link.txt --verbose=1
/usr/bin/gcc  -fsanitize=address,undefined -fsanitize-recover=address -fno-stack-protector -fprofile-arcs -ftest-coverage -ggdb3 -O2 -Wall -Werror -isysroot /Library/Developer/CommandLineTools/SDKs/MacOSX12.3.sdk -Wl,-search_paths_first -Wl,-headerpad_max_install_names CMakeFiles/cmTC_251c3.dir/src.c.o -o cmTC_251c3 


Source file was:
int main(void) { return 0; }
Performing C SOURCE FILE Test WITH_WMISSING_PROTOTYPES_FLAG succeeded with the following output:
Change Dir: /Users/allkliu/Desktop/Allen/glue/aws-glue-schema-registry/native-schema-registry/c/build/CMakeFiles/CMakeTmp

Run Build Command(s):/usr/bin/make -f Makefile cmTC_c9c7d/fast && /Library/Developer/CommandLineTools/usr/bin/make  -f CMakeFiles/cmTC_c9c7d.dir/build.make CMakeFiles/cmTC_c9c7d.dir/build
Building C object CMakeFiles/cmTC_c9c7d.dir/src.c.o
/usr/bin/gcc -DWITH_WMISSING_PROTOTYPES_FLAG  -fsanitize=address,undefined -fsanitize-recover=address -fno-stack-protector -fprofile-arcs -ftest-coverage -ggdb3 -O2 -Wall -Werror -isysroot /Library/Developer/CommandLineTools/SDKs/MacOSX12.3.sdk -fPIE   -Wmissing-prototypes -MD -MT CMakeFiles/cmTC_c9c7d.dir/src.c.o -MF CMakeFiles/cmTC_c9c7d.dir/src.c.o.d -o CMakeFiles/cmTC_c9c7d.dir/src.c.o -c /Users/allkliu/Desktop/Allen/glue/aws-glue-schema-registry/native-schema-registry/c/build/CMakeFiles/CMakeTmp/src.c
Linking C executable cmTC_c9c7d
/usr/local/Cellar/cmake/3.23.2/bin/cmake -E cmake_link_script CMakeFiles/cmTC_c9c7d.dir/link.txt --verbose=1
/usr/bin/gcc  -fsanitize=address,undefined -fsanitize-recover=address -fno-stack-protector -fprofile-arcs -ftest-coverage -ggdb3 -O2 -Wall -Werror -isysroot /Library/Developer/CommandLineTools/SDKs/MacOSX12.3.sdk -Wl,-search_paths_first -Wl,-headerpad_max_install_names CMakeFiles/cmTC_c9c7d.dir/src.c.o -o cmTC_c9c7d 


Source file was:
int main(void) { return 0; }
Performing C SOURCE FILE Test WITH_WCAST_ALIGN_FLAG succeeded with the following output:
Change Dir: /Users/allkliu/Desktop/Allen/glue/aws-glue-schema-registry/native-schema-registry/c/build/CMakeFiles/CMakeTmp

Run Build Command(s):/usr/bin/make -f Makefile cmTC_4420c/fast && /Library/Developer/CommandLineTools/usr/bin/make  -f CMakeFiles/cmTC_4420c.dir/build.make CMakeFiles/cmTC_4420c.dir/build
Building C object CMakeFiles/cmTC_4420c.dir/src.c.o
/usr/bin/gcc -DWITH_WCAST_ALIGN_FLAG  -fsanitize=address,undefined -fsanitize-recover=address -fno-stack-protector -fprofile-arcs -ftest-coverage -ggdb3 -O2 -Wall -Werror -isysroot /Library/Developer/CommandLineTools/SDKs/MacOSX12.3.sdk -fPIE   -Wcast-align -MD -MT CMakeFiles/cmTC_4420c.dir/src.c.o -MF CMakeFiles/cmTC_4420c.dir/src.c.o.d -o CMakeFiles/cmTC_4420c.dir/src.c.o -c /Users/allkliu/Desktop/Allen/glue/aws-glue-schema-registry/native-schema-registry/c/build/CMakeFiles/CMakeTmp/src.c
Linking C executable cmTC_4420c
/usr/local/Cellar/cmake/3.23.2/bin/cmake -E cmake_link_script CMakeFiles/cmTC_4420c.dir/link.txt --verbose=1
/usr/bin/gcc  -fsanitize=address,undefined -fsanitize-recover=address -fno-stack-protector -fprofile-arcs -ftest-coverage -ggdb3 -O2 -Wall -Werror -isysroot /Library/Developer/CommandLineTools/SDKs/MacOSX12.3.sdk -Wl,-search_paths_first -Wl,-headerpad_max_install_names CMakeFiles/cmTC_4420c.dir/src.c.o -o cmTC_4420c 


Source file was:
int main(void) { return 0; }
Performing C SOURCE FILE Test WITH_WERROR_ADDRESS_FLAG succeeded with the following output:
Change Dir: /Users/allkliu/Desktop/Allen/glue/aws-glue-schema-registry/native-schema-registry/c/build/CMakeFiles/CMakeTmp

Run Build Command(s):/usr/bin/make -f Makefile cmTC_5a05c/fast && /Library/Developer/CommandLineTools/usr/bin/make  -f CMakeFiles/cmTC_5a05c.dir/build.make CMakeFiles/cmTC_5a05c.dir/build
Building C object CMakeFiles/cmTC_5a05c.dir/src.c.o
/usr/bin/gcc -DWITH_WERROR_ADDRESS_FLAG  -fsanitize=address,undefined -fsanitize-recover=address -fno-stack-protector -fprofile-arcs -ftest-coverage -ggdb3 -O2 -Wall -Werror -isysroot /Library/Developer/CommandLineTools/SDKs/MacOSX12.3.sdk -fPIE   -Werror=address -MD -MT CMakeFiles/cmTC_5a05c.dir/src.c.o -MF CMakeFiles/cmTC_5a05c.dir/src.c.o.d -o CMakeFiles/cmTC_5a05c.dir/src.c.o -c /Users/allkliu/Desktop/Allen/glue/aws-glue-schema-registry/native-schema-registry/c/build/CMakeFiles/CMakeTmp/src.c
Linking C executable cmTC_5a05c
/usr/local/Cellar/cmake/3.23.2/bin/cmake -E cmake_link_script CMakeFiles/cmTC_5a05c.dir/link.txt --verbose=1
/usr/bin/gcc  -fsanitize=address,undefined -fsanitize-recover=address -fno-stack-protector -fprofile-arcs -ftest-coverage -ggdb3 -O2 -Wall -Werror -isysroot /Library/Developer/CommandLineTools/SDKs/MacOSX12.3.sdk -Wl,-search_paths_first -Wl,-headerpad_max_install_names CMakeFiles/cmTC_5a05c.dir/src.c.o -o cmTC_5a05c 


Source file was:
int main(void) { return 0; }
Performing C SOURCE FILE Test WITH_WSTRICT_PROTOTYPES_FLAG succeeded with the following output:
Change Dir: /Users/allkliu/Desktop/Allen/glue/aws-glue-schema-registry/native-schema-registry/c/build/CMakeFiles/CMakeTmp

Run Build Command(s):/usr/bin/make -f Makefile cmTC_dab50/fast && /Library/Developer/CommandLineTools/usr/bin/make  -f CMakeFiles/cmTC_dab50.dir/build.make CMakeFiles/cmTC_dab50.dir/build
Building C object CMakeFiles/cmTC_dab50.dir/src.c.o
/usr/bin/gcc -DWITH_WSTRICT_PROTOTYPES_FLAG  -fsanitize=address,undefined -fsanitize-recover=address -fno-stack-protector -fprofile-arcs -ftest-coverage -ggdb3 -O2 -Wall -Werror -isysroot /Library/Developer/CommandLineTools/SDKs/MacOSX12.3.sdk -fPIE   -Wstrict-prototypes -MD -MT CMakeFiles/cmTC_dab50.dir/src.c.o -MF CMakeFiles/cmTC_dab50.dir/src.c.o.d -o CMakeFiles/cmTC_dab50.dir/src.c.o -c /Users/allkliu/Desktop/Allen/glue/aws-glue-schema-registry/native-schema-registry/c/build/CMakeFiles/CMakeTmp/src.c
Linking C executable cmTC_dab50
/usr/local/Cellar/cmake/3.23.2/bin/cmake -E cmake_link_script CMakeFiles/cmTC_dab50.dir/link.txt --verbose=1
/usr/bin/gcc  -fsanitize=address,undefined -fsanitize-recover=address -fno-stack-protector -fprofile-arcs -ftest-coverage -ggdb3 -O2 -Wall -Werror -isysroot /Library/Developer/CommandLineTools/SDKs/MacOSX12.3.sdk -Wl,-search_paths_first -Wl,-headerpad_max_install_names CMakeFiles/cmTC_dab50.dir/src.c.o -o cmTC_dab50 


Source file was:
int main(void) { return 0; }
Performing C SOURCE FILE Test WITH_WERROR_STRICT_PROTOTYPES_FLAG succeeded with the following output:
Change Dir: /Users/allkliu/Desktop/Allen/glue/aws-glue-schema-registry/native-schema-registry/c/build/CMakeFiles/CMakeTmp

Run Build Command(s):/usr/bin/make -f Makefile cmTC_cc992/fast && /Library/Developer/CommandLineTools/usr/bin/make  -f CMakeFiles/cmTC_cc992.dir/build.make CMakeFiles/cmTC_cc992.dir/build
Building C object CMakeFiles/cmTC_cc992.dir/src.c.o
/usr/bin/gcc -DWITH_WERROR_STRICT_PROTOTYPES_FLAG  -fsanitize=address,undefined -fsanitize-recover=address -fno-stack-protector -fprofile-arcs -ftest-coverage -ggdb3 -O2 -Wall -Werror -isysroot /Library/Developer/CommandLineTools/SDKs/MacOSX12.3.sdk -fPIE   -Werror=strict-prototypes -MD -MT CMakeFiles/cmTC_cc992.dir/src.c.o -MF CMakeFiles/cmTC_cc992.dir/src.c.o.d -o CMakeFiles/cmTC_cc992.dir/src.c.o -c /Users/allkliu/Desktop/Allen/glue/aws-glue-schema-registry/native-schema-registry/c/build/CMakeFiles/CMakeTmp/src.c
Linking C executable cmTC_cc992
/usr/local/Cellar/cmake/3.23.2/bin/cmake -E cmake_link_script CMakeFiles/cmTC_cc992.dir/link.txt --verbose=1
/usr/bin/gcc  -fsanitize=address,undefined -fsanitize-recover=address -fno-stack-protector -fprofile-arcs -ftest-coverage -ggdb3 -O2 -Wall -Werror -isysroot /Library/Developer/CommandLineTools/SDKs/MacOSX12.3.sdk -Wl,-search_paths_first -Wl,-headerpad_max_install_names CMakeFiles/cmTC_cc992.dir/src.c.o -o cmTC_cc992 


Source file was:
int main(void) { return 0; }
